<?xml version="1.0" encoding="UTF-8"?>
<testng-results ignored="0" total="4" passed="4" failed="0" skipped="0">
  <reporter-output>
  </reporter-output>
  <suite started-at="2026-04-28T16:26:39 IST" name="Parallel Tests" finished-at="2026-04-28T16:26:54 IST" duration-ms="14508">
    <groups>
    </groups>
    <test started-at="2026-04-28T16:26:39 IST" name="Test" finished-at="2026-04-28T16:26:54 IST" duration-ms="14508">
      <class name="com.tests.DashboardTest">
        <test-method is-config="true" signature="setup()[pri:0, instance:com.tests.DashboardTest@6f63b475]" started-at="2026-04-28T16:26:41 IST" name="setup" finished-at="2026-04-28T16:26:48 IST" duration-ms="7559" status="PASS">
          <reporter-output>
          </reporter-output>
        </test-method> <!-- setup -->
        <test-method is-config="true" signature="setup()[pri:0, instance:com.tests.DashboardTest@6f63b475]" started-at="2026-04-28T16:26:41 IST" name="setup" finished-at="2026-04-28T16:26:48 IST" duration-ms="7245" status="PASS">
          <reporter-output>
          </reporter-output>
        </test-method> <!-- setup -->
        <test-method is-config="true" signature="setup()[pri:0, instance:com.tests.DashboardTest@6f63b475]" started-at="2026-04-28T16:26:41 IST" name="setup" finished-at="2026-04-28T16:26:48 IST" duration-ms="6873" status="PASS">
          <reporter-output>
          </reporter-output>
        </test-method> <!-- setup -->
        <test-method signature="invalidLogin(java.lang.String,java.lang.String)[pri:0, instance:com.tests.DashboardTest@6f63b475]" started-at="2026-04-28T16:26:48 IST" name="invalidLogin" data-provider="InvalidData" finished-at="2026-04-28T16:26:53 IST" duration-ms="5464" status="PASS">
          <params>
            <param index="0">
              <value>
                <![CDATA[Admin]]>
              </value>
            </param>
            <param index="1">
              <value>
                <![CDATA[wnmenm]]>
              </value>
            </param>
          </params>
          <reporter-output>
          </reporter-output>
        </test-method> <!-- invalidLogin -->
        <test-method signature="Dashboardpage(java.lang.String,java.lang.String)[pri:0, instance:com.tests.DashboardTest@6f63b475]" started-at="2026-04-28T16:26:48 IST" name="Dashboardpage" data-provider="ValidData" finished-at="2026-04-28T16:26:54 IST" duration-ms="5545" status="PASS">
          <params>
            <param index="0">
              <value>
                <![CDATA[Admin]]>
              </value>
            </param>
            <param index="1">
              <value>
                <![CDATA[admin123]]>
              </value>
            </param>
          </params>
          <reporter-output>
          </reporter-output>
        </test-method> <!-- Dashboardpage -->
        <test-method signature="invalidLogin(java.lang.String,java.lang.String)[pri:0, instance:com.tests.DashboardTest@6f63b475]" started-at="2026-04-28T16:26:48 IST" name="invalidLogin" data-provider="InvalidData" finished-at="2026-04-28T16:26:53 IST" duration-ms="4696" status="PASS">
          <params>
            <param index="0">
              <value>
                <![CDATA[adert]]>
              </value>
            </param>
            <param index="1">
              <value>
                <![CDATA[Adas34]]>
              </value>
            </param>
          </params>
          <reporter-output>
          </reporter-output>
        </test-method> <!-- invalidLogin -->
        <test-method is-config="true" signature="tearDown()[pri:0, instance:com.tests.DashboardTest@6f63b475]" started-at="2026-04-28T16:26:53 IST" name="tearDown" finished-at="2026-04-28T16:26:53 IST" duration-ms="334" status="PASS">
          <reporter-output>
          </reporter-output>
        </test-method> <!-- tearDown -->
        <test-method is-config="true" signature="tearDown()[pri:0, instance:com.tests.DashboardTest@6f63b475]" started-at="2026-04-28T16:26:53 IST" name="tearDown" finished-at="2026-04-28T16:26:54 IST" duration-ms="371" status="PASS">
          <reporter-output>
          </reporter-output>
        </test-method> <!-- tearDown -->
        <test-method is-config="true" signature="tearDown()[pri:0, instance:com.tests.DashboardTest@6f63b475]" started-at="2026-04-28T16:26:54 IST" name="tearDown" finished-at="2026-04-28T16:26:54 IST" duration-ms="310" status="PASS">
          <reporter-output>
          </reporter-output>
        </test-method> <!-- tearDown -->
      </class> <!-- com.tests.DashboardTest -->
      <class name="com.tests.LoginTest">
        <test-method is-config="true" signature="setup()[pri:0, instance:com.tests.LoginTest@6ce86ce1]" started-at="2026-04-28T16:26:40 IST" name="setup" finished-at="2026-04-28T16:26:47 IST" duration-ms="7773" status="PASS">
          <reporter-output>
          </reporter-output>
        </test-method> <!-- setup -->
        <test-method signature="login()[pri:0, instance:com.tests.LoginTest@6ce86ce1]" started-at="2026-04-28T16:26:47 IST" name="login" finished-at="2026-04-28T16:26:48 IST" duration-ms="919" status="PASS">
          <reporter-output>
          </reporter-output>
        </test-method> <!-- login -->
        <test-method is-config="true" signature="tearDown()[pri:0, instance:com.tests.LoginTest@6ce86ce1]" started-at="2026-04-28T16:26:48 IST" name="tearDown" finished-at="2026-04-28T16:26:49 IST" duration-ms="317" status="PASS">
          <reporter-output>
          </reporter-output>
        </test-method> <!-- tearDown -->
      </class> <!-- com.tests.LoginTest -->
    </test> <!-- Test -->
  </suite> <!-- Parallel Tests -->
</testng-results>
