<?xml version="1.0" encoding="UTF-8"?>
<testng-results ignored="0" total="4" passed="4" failed="0" skipped="0">
  <reporter-output>
  </reporter-output>
  <suite started-at="2026-04-28T19:30:08 IST" name="Parallel Tests" finished-at="2026-04-28T19:30:19 IST" duration-ms="11769">
    <groups>
    </groups>
    <test started-at="2026-04-28T19:30:08 IST" name="Test" finished-at="2026-04-28T19:30:19 IST" duration-ms="11769">
      <class name="com.tests.DashboardTest">
        <test-method is-config="true" signature="setup()[pri:0, instance:com.tests.DashboardTest@6f63b475]" started-at="2026-04-28T19:30:09 IST" name="setup" finished-at="2026-04-28T19:30:16 IST" duration-ms="7323" status="PASS">
          <reporter-output>
          </reporter-output>
        </test-method> <!-- setup -->
        <test-method is-config="true" signature="setup()[pri:0, instance:com.tests.DashboardTest@6f63b475]" started-at="2026-04-28T19:30:09 IST" name="setup" finished-at="2026-04-28T19:30:16 IST" duration-ms="6881" status="PASS">
          <reporter-output>
          </reporter-output>
        </test-method> <!-- setup -->
        <test-method is-config="true" signature="setup()[pri:0, instance:com.tests.DashboardTest@6f63b475]" started-at="2026-04-28T19:30:09 IST" name="setup" finished-at="2026-04-28T19:30:16 IST" duration-ms="6881" status="PASS">
          <reporter-output>
          </reporter-output>
        </test-method> <!-- setup -->
        <test-method signature="invalidLogin(java.lang.String,java.lang.String)[pri:0, instance:com.tests.DashboardTest@6f63b475]" started-at="2026-04-28T19:30:16 IST" name="invalidLogin" data-provider="InvalidData" finished-at="2026-04-28T19:30:18 IST" duration-ms="2286" status="PASS">
          <params>
            <param index="0">
              <value>
                <![CDATA[adert]]>
              </value>
            </param>
            <param index="1">
              <value>
                <![CDATA[Adas34]]>
              </value>
            </param>
          </params>
          <reporter-output>
          </reporter-output>
        </test-method> <!-- invalidLogin -->
        <test-method signature="invalidLogin(java.lang.String,java.lang.String)[pri:0, instance:com.tests.DashboardTest@6f63b475]" started-at="2026-04-28T19:30:16 IST" name="invalidLogin" data-provider="InvalidData" finished-at="2026-04-28T19:30:19 IST" duration-ms="2705" status="PASS">
          <params>
            <param index="0">
              <value>
                <![CDATA[Admin]]>
              </value>
            </param>
            <param index="1">
              <value>
                <![CDATA[wnmenm]]>
              </value>
            </param>
          </params>
          <reporter-output>
          </reporter-output>
        </test-method> <!-- invalidLogin -->
        <test-method signature="Dashboardpage(java.lang.String,java.lang.String)[pri:0, instance:com.tests.DashboardTest@6f63b475]" started-at="2026-04-28T19:30:16 IST" name="Dashboardpage" data-provider="ValidData" finished-at="2026-04-28T19:30:19 IST" duration-ms="2774" status="PASS">
          <params>
            <param index="0">
              <value>
                <![CDATA[Admin]]>
              </value>
            </param>
            <param index="1">
              <value>
                <![CDATA[admin123]]>
              </value>
            </param>
          </params>
          <reporter-output>
          </reporter-output>
        </test-method> <!-- Dashboardpage -->
        <test-method is-config="true" signature="tearDown()[pri:0, instance:com.tests.DashboardTest@6f63b475]" started-at="2026-04-28T19:30:18 IST" name="tearDown" finished-at="2026-04-28T19:30:18 IST" duration-ms="280" status="PASS">
          <reporter-output>
          </reporter-output>
        </test-method> <!-- tearDown -->
        <test-method is-config="true" signature="tearDown()[pri:0, instance:com.tests.DashboardTest@6f63b475]" started-at="2026-04-28T19:30:19 IST" name="tearDown" finished-at="2026-04-28T19:30:19 IST" duration-ms="280" status="PASS">
          <reporter-output>
          </reporter-output>
        </test-method> <!-- tearDown -->
        <test-method is-config="true" signature="tearDown()[pri:0, instance:com.tests.DashboardTest@6f63b475]" started-at="2026-04-28T19:30:19 IST" name="tearDown" finished-at="2026-04-28T19:30:19 IST" duration-ms="287" status="PASS">
          <reporter-output>
          </reporter-output>
        </test-method> <!-- tearDown -->
      </class> <!-- com.tests.DashboardTest -->
      <class name="com.tests.LoginTest">
        <test-method is-config="true" signature="setup()[pri:0, instance:com.tests.LoginTest@6ce86ce1]" started-at="2026-04-28T19:30:08 IST" name="setup" finished-at="2026-04-28T19:30:17 IST" duration-ms="9044" status="PASS">
          <reporter-output>
          </reporter-output>
        </test-method> <!-- setup -->
        <test-method signature="login()[pri:0, instance:com.tests.LoginTest@6ce86ce1]" started-at="2026-04-28T19:30:17 IST" name="login" finished-at="2026-04-28T19:30:17 IST" duration-ms="577" status="PASS">
          <reporter-output>
          </reporter-output>
        </test-method> <!-- login -->
        <test-method is-config="true" signature="tearDown()[pri:0, instance:com.tests.LoginTest@6ce86ce1]" started-at="2026-04-28T19:30:17 IST" name="tearDown" finished-at="2026-04-28T19:30:18 IST" duration-ms="413" status="PASS">
          <reporter-output>
          </reporter-output>
        </test-method> <!-- tearDown -->
      </class> <!-- com.tests.LoginTest -->
    </test> <!-- Test -->
  </suite> <!-- Parallel Tests -->
</testng-results>
