<?xml version="1.0" encoding="UTF-8"?>
<!-- Generated by org.testng.reporters.JUnitReportReporter -->
<testsuite hostname="LAPTOP-E70RRGE0" failures="0" tests="5" name="com.tests.tutorialLogin" time="31.955" errors="0" timestamp="2026-04-22T15:42:29 IST" skipped="0">
  <testcase classname="com.tests.tutorialLogin" name="serachValid" time="4.708"/>
  <testcase classname="com.tests.tutorialLogin" name="valid_login" time="6.068"/>
  <testcase classname="com.tests.tutorialLogin" name="Invalid_login" time="4.603"/>
  <testcase classname="com.tests.tutorialLogin" name="Invalid_login" time="3.999"/>
  <testcase classname="com.tests.tutorialLogin" name="serach_InValid" time="12.577"/>
</testsuite> <!-- com.tests.tutorialLogin -->
