<?xml version="1.0" encoding="UTF-8"?>
<testng-results ignored="0" total="5" passed="4" failed="1" skipped="0">
  <reporter-output>
  </reporter-output>
  <suite started-at="2026-04-22T12:30:52 IST" name="Suite" finished-at="2026-04-22T12:31:25 IST" duration-ms="33333">
    <groups>
    </groups>
    <test started-at="2026-04-22T12:30:52 IST" name="Test" finished-at="2026-04-22T12:31:25 IST" duration-ms="33333">
      <class name="com.tests.tutorialLogin">
        <test-method is-config="true" signature="beforeMethod()[pri:0, instance:com.tests.tutorialLogin@1e097d59]" started-at="2026-04-22T12:30:53 IST" name="beforeMethod" finished-at="2026-04-22T12:30:59 IST" duration-ms="5412" status="PASS">
          <reporter-output>
          </reporter-output>
        </test-method> <!-- beforeMethod -->
        <test-method is-config="true" signature="beforeMethod()[pri:0, instance:com.tests.tutorialLogin@1e097d59]" started-at="2026-04-22T12:30:53 IST" name="beforeMethod" finished-at="2026-04-22T12:30:58 IST" duration-ms="5163" status="PASS">
          <reporter-output>
          </reporter-output>
        </test-method> <!-- beforeMethod -->
        <test-method signature="Invalid_login(java.lang.String,java.lang.String)[pri:0, instance:com.tests.tutorialLogin@1e097d59]" started-at="2026-04-22T12:30:58 IST" name="Invalid_login" data-provider="InvalidData" finished-at="2026-04-22T12:31:01 IST" duration-ms="2503" status="FAIL">
          <params>
            <param index="0">
              <value>
                <![CDATA[tamil@kiot.ac.in]]>
              </value>
            </param>
            <param index="1">
              <value>
                <![CDATA[hh1234]]>
              </value>
            </param>
          </params>
          <exception class="java.lang.AssertionError">
            <message>
              <![CDATA[expected [true] but found [false]]]>
            </message>
            <full-stacktrace>
              <![CDATA[java.lang.AssertionError: expected [true] but found [false]
at org.testng.Assert.fail(Assert.java:111)
at org.testng.Assert.failNotEquals(Assert.java:1590)
at org.testng.Assert.assertTrue(Assert.java:57)
at org.testng.Assert.assertTrue(Assert.java:67)
at com.tests.tutorialLogin.Invalid_login(tutorialLogin.java:49)
at java.base/jdk.internal.reflect.DirectMethodHandleAccessor.invoke(DirectMethodHandleAccessor.java:103)
at java.base/java.lang.reflect.Method.invoke(Method.java:580)
at org.testng.internal.invokers.MethodInvocationHelper.invokeMethod(MethodInvocationHelper.java:141)
at org.testng.internal.invokers.TestInvoker.invokeMethod(TestInvoker.java:697)
at org.testng.internal.invokers.TestInvoker.invokeTestMethod(TestInvoker.java:230)
at org.testng.internal.invokers.TestMethodWithDataProviderMethodWorker.call(TestMethodWithDataProviderMethodWorker.java:81)
at org.testng.internal.thread.Async$AsyncTask.run(Async.java:34)
at java.base/java.util.concurrent.ThreadPoolExecutor.runWorker(ThreadPoolExecutor.java:1144)
at java.base/java.util.concurrent.ThreadPoolExecutor$Worker.run(ThreadPoolExecutor.java:642)
at java.base/java.lang.Thread.run(Thread.java:1583)
]]>
            </full-stacktrace>
          </exception> <!-- java.lang.AssertionError -->
          <reporter-output>
          </reporter-output>
        </test-method> <!-- Invalid_login -->
        <test-method signature="Invalid_login(java.lang.String,java.lang.String)[pri:0, instance:com.tests.tutorialLogin@1e097d59]" started-at="2026-04-22T12:30:59 IST" name="Invalid_login" data-provider="InvalidData" finished-at="2026-04-22T12:31:03 IST" duration-ms="4696" status="PASS">
          <params>
            <param index="0">
              <value>
                <![CDATA[ss@gmail.com]]>
              </value>
            </param>
            <param index="1">
              <value>
                <![CDATA[jj2341j]]>
              </value>
            </param>
          </params>
          <reporter-output>
          </reporter-output>
        </test-method> <!-- Invalid_login -->
        <test-method is-config="true" signature="afterMethod()[pri:0, instance:com.tests.tutorialLogin@1e097d59]" started-at="2026-04-22T12:31:01 IST" name="afterMethod" finished-at="2026-04-22T12:31:01 IST" duration-ms="326" status="PASS">
          <reporter-output>
          </reporter-output>
        </test-method> <!-- afterMethod -->
        <test-method is-config="true" signature="afterMethod()[pri:0, instance:com.tests.tutorialLogin@1e097d59]" started-at="2026-04-22T12:31:03 IST" name="afterMethod" finished-at="2026-04-22T12:31:04 IST" duration-ms="329" status="PASS">
          <reporter-output>
          </reporter-output>
        </test-method> <!-- afterMethod -->
        <test-method is-config="true" signature="beforeMethod()[pri:0, instance:com.tests.tutorialLogin@1e097d59]" started-at="2026-04-22T12:31:04 IST" name="beforeMethod" finished-at="2026-04-22T12:31:06 IST" duration-ms="2069" status="PASS">
          <reporter-output>
          </reporter-output>
        </test-method> <!-- beforeMethod -->
        <test-method signature="serachValid(java.lang.String)[pri:0, instance:com.tests.tutorialLogin@1e097d59]" started-at="2026-04-22T12:31:06 IST" name="serachValid" finished-at="2026-04-22T12:31:06 IST" duration-ms="475" status="PASS">
          <params>
            <param index="0">
              <value>
                <![CDATA[mac]]>
              </value>
            </param>
          </params>
          <reporter-output>
          </reporter-output>
        </test-method> <!-- serachValid -->
        <test-method is-config="true" signature="afterMethod()[pri:0, instance:com.tests.tutorialLogin@1e097d59]" started-at="2026-04-22T12:31:06 IST" name="afterMethod" finished-at="2026-04-22T12:31:07 IST" duration-ms="258" status="PASS">
          <reporter-output>
          </reporter-output>
        </test-method> <!-- afterMethod -->
        <test-method is-config="true" signature="beforeMethod()[pri:0, instance:com.tests.tutorialLogin@1e097d59]" started-at="2026-04-22T12:31:07 IST" name="beforeMethod" finished-at="2026-04-22T12:31:09 IST" duration-ms="1997" status="PASS">
          <reporter-output>
          </reporter-output>
        </test-method> <!-- beforeMethod -->
        <test-method signature="serach_InValid(java.lang.String)[pri:0, instance:com.tests.tutorialLogin@1e097d59]" started-at="2026-04-22T12:31:09 IST" name="serach_InValid" finished-at="2026-04-22T12:31:19 IST" duration-ms="10540" status="PASS">
          <params>
            <param index="0">
              <value>
                <![CDATA[kiot]]>
              </value>
            </param>
          </params>
          <reporter-output>
          </reporter-output>
        </test-method> <!-- serach_InValid -->
        <test-method is-config="true" signature="afterMethod()[pri:0, instance:com.tests.tutorialLogin@1e097d59]" started-at="2026-04-22T12:31:19 IST" name="afterMethod" finished-at="2026-04-22T12:31:20 IST" duration-ms="418" status="PASS">
          <reporter-output>
          </reporter-output>
        </test-method> <!-- afterMethod -->
        <test-method is-config="true" signature="beforeMethod()[pri:0, instance:com.tests.tutorialLogin@1e097d59]" started-at="2026-04-22T12:31:20 IST" name="beforeMethod" finished-at="2026-04-22T12:31:22 IST" duration-ms="2247" status="PASS">
          <reporter-output>
          </reporter-output>
        </test-method> <!-- beforeMethod -->
        <test-method signature="valid_login(java.lang.String,java.lang.String)[pri:0, instance:com.tests.tutorialLogin@1e097d59]" started-at="2026-04-22T12:31:22 IST" name="valid_login" data-provider="validData" finished-at="2026-04-22T12:31:25 IST" duration-ms="3321" status="PASS">
          <params>
            <param index="0">
              <value>
                <![CDATA[tamilkumar@gmail.com]]>
              </value>
            </param>
            <param index="1">
              <value>
                <![CDATA[Kiot1234]]>
              </value>
            </param>
          </params>
          <reporter-output>
          </reporter-output>
        </test-method> <!-- valid_login -->
        <test-method is-config="true" signature="afterMethod()[pri:0, instance:com.tests.tutorialLogin@1e097d59]" started-at="2026-04-22T12:31:25 IST" name="afterMethod" finished-at="2026-04-22T12:31:25 IST" duration-ms="315" status="PASS">
          <reporter-output>
          </reporter-output>
        </test-method> <!-- afterMethod -->
      </class> <!-- com.tests.tutorialLogin -->
    </test> <!-- Test -->
  </suite> <!-- Suite -->
</testng-results>
