<?xml version="1.0" encoding="UTF-8"?>
<!-- Generated by org.testng.reporters.JUnitReportReporter -->
<testsuite hostname="LAPTOP-E70RRGE0" failures="0" tests="3" name="com.tests.DashboardTest" time="38.397" errors="0" timestamp="2026-04-28T16:26:54 IST" skipped="0">
  <testcase classname="com.tests.DashboardTest" name="Dashboardpage" time="13.438"/>
  <testcase classname="com.tests.DashboardTest" name="invalidLogin" time="12.312"/>
  <testcase classname="com.tests.DashboardTest" name="invalidLogin" time="12.647"/>
</testsuite> <!-- com.tests.DashboardTest -->
