<?xml version="1.0" encoding="UTF-8"?>
<!-- Generated by org.testng.reporters.JUnitReportReporter -->
<testsuite hostname="LAPTOP-E70RRGE0" failures="0" tests="3" name="com.tests.DashboardTest" time="29.697" errors="0" timestamp="2026-04-28T19:30:20 IST" skipped="0">
  <testcase classname="com.tests.DashboardTest" name="Dashboardpage" time="9.942"/>
  <testcase classname="com.tests.DashboardTest" name="invalidLogin" time="9.889"/>
  <testcase classname="com.tests.DashboardTest" name="invalidLogin" time="9.866"/>
</testsuite> <!-- com.tests.DashboardTest -->
