<?xml version="1.0" encoding="UTF-8"?>
<!-- Generated by org.testng.reporters.JUnitXMLReporter -->
<testsuite ignored="2" hostname="LAPTOP-E70RRGE0" failures="0" tests="1" name="Test(failed)" time="9.127" errors="0" timestamp="2026-04-22T14:22:54 IST">
  <testcase classname="com.tests.tutorialLogin" name="valid_login" time="5.489"/>
  <testcase classname="com.tests.tutorialLogin" name="serachValid" time="0.0">
    <ignored/>
  </testcase> <!-- serachValid -->
  <testcase classname="com.tests.tutorialLogin" name="serach_InValid" time="0.0">
    <ignored/>
  </testcase> <!-- serach_InValid -->
</testsuite> <!-- Test(failed) -->
