<?xml version="1.0" encoding="UTF-8"?>
<!-- Generated by org.testng.reporters.JUnitXMLReporter -->
<testsuite ignored="0" hostname="LAPTOP-E70RRGE0" failures="0" tests="3" name="Test" time="9.902" errors="0" timestamp="2026-04-20T16:21:53 IST">
  <testcase classname="com.TestNG.demo" name="validation" time="1.077"/>
  <testcase classname="com.TestNG.demo" name="invalid_with_username" time="2.22"/>
  <testcase classname="com.TestNG.demo" name="invalid_with_username" time="2.27"/>
</testsuite> <!-- Test -->
