<?xml version="1.0" encoding="UTF-8"?>
<!-- Generated by org.testng.reporters.JUnitXMLReporter -->
<testsuite ignored="0" hostname="LAPTOP-E70RRGE0" failures="0" tests="4" name="Test" time="14.508" errors="0" timestamp="2026-04-28T16:26:54 IST">
  <testcase classname="com.tests.LoginTest" name="login" time="0.919"/>
  <testcase classname="com.tests.DashboardTest" name="invalidLogin" time="4.696"/>
  <testcase classname="com.tests.DashboardTest" name="invalidLogin" time="5.464"/>
  <testcase classname="com.tests.DashboardTest" name="Dashboardpage" time="5.545"/>
</testsuite> <!-- Test -->
