<?xml version="1.0" encoding="UTF-8"?>
<!-- Generated by org.testng.reporters.JUnitReportReporter -->
<testsuite hostname="LAPTOP-E70RRGE0" failures="0" tests="2" name="com.TestNG.dataProviderDemo" time="0.002" errors="0" timestamp="2026-04-20T15:23:30 IST" skipped="2">
  <testcase classname="com.TestNG.dataProviderDemo" name="search" time="0.001">
    <skipped/>
  </testcase> <!-- search -->
  <testcase classname="com.TestNG.dataProviderDemo" name="search" time="0.001">
    <skipped/>
  </testcase> <!-- search -->
</testsuite> <!-- com.TestNG.dataProviderDemo -->
