<?xml version="1.0" encoding="UTF-8"?>
<!-- Generated by org.testng.reporters.JUnitReportReporter -->
<testsuite hostname="LAPTOP-E70RRGE0" failures="0" tests="4" name="com.TestNG.dataProviderDemo2" time="31.205" errors="0" timestamp="2026-04-20T15:24:46 IST" skipped="0">
  <testcase classname="com.TestNG.dataProviderDemo2" name="search" time="8.481"/>
  <testcase classname="com.TestNG.dataProviderDemo2" name="search" time="8.656"/>
  <testcase classname="com.TestNG.dataProviderDemo2" name="setUp" time="6.157"/>
  <testcase classname="com.TestNG.dataProviderDemo2" name="search" time="7.911"/>
</testsuite> <!-- com.TestNG.dataProviderDemo2 -->
