<?xml version="1.0" encoding="UTF-8"?>
<!-- Generated by org.testng.reporters.JUnitReportReporter -->
<testsuite hostname="LAPTOP-E70RRGE0" failures="0" tests="3" name="com.TestNG.demo" time="31.121" errors="0" timestamp="2026-04-20T19:59:32 IST" skipped="0">
  <testcase classname="com.TestNG.demo" name="validation" time="9.930"/>
  <testcase classname="com.TestNG.demo" name="invalid_with_username" time="9.489"/>
  <testcase classname="com.TestNG.demo" name="invalid_with_username" time="11.702"/>
</testsuite> <!-- com.TestNG.demo -->
