<?xml version="1.0" encoding="UTF-8"?>
<!-- Generated by org.testng.reporters.JUnitXMLReporter -->
<testsuite ignored="0" hostname="LAPTOP-E70RRGE0" failures="1" tests="5" name="Test" time="33.333" errors="0" timestamp="2026-04-22T12:31:26 IST">
  <testcase classname="com.tests.tutorialLogin" name="Invalid_login" time="2.503">
    <failure type="java.lang.AssertionError" message="expected [true] but found [false]">
      <![CDATA[java.lang.AssertionError: expected [true] but found [false]
at com.tests.tutorialLogin.Invalid_login(tutorialLogin.java:49)
at java.base/java.util.concurrent.ThreadPoolExecutor.runWorker(ThreadPoolExecutor.java:1144)
at java.base/java.util.concurrent.ThreadPoolExecutor$Worker.run(ThreadPoolExecutor.java:642)
at java.base/java.lang.Thread.run(Thread.java:1583)
... Removed 11 stack frames]]>
    </failure>
  </testcase> <!-- Invalid_login -->
  <testcase classname="com.tests.tutorialLogin" name="Invalid_login" time="4.696"/>
  <testcase classname="com.tests.tutorialLogin" name="serachValid" time="0.475"/>
  <testcase classname="com.tests.tutorialLogin" name="serach_InValid" time="10.54"/>
  <testcase classname="com.tests.tutorialLogin" name="valid_login" time="3.321"/>
</testsuite> <!-- Test -->
