<?xml version="1.0" encoding="UTF-8"?>
<!-- Generated by org.testng.reporters.JUnitXMLReporter -->
<testsuite ignored="0" hostname="LAPTOP-E70RRGE0" failures="0" tests="3" name="Test" time="12.04" errors="0" timestamp="2026-04-20T19:59:32 IST">
  <testcase classname="com.TestNG.demo" name="invalid_with_username" time="4.327"/>
  <testcase classname="com.TestNG.demo" name="invalid_with_username" time="2.305"/>
  <testcase classname="com.TestNG.demo" name="validation" time="4.821"/>
</testsuite> <!-- Test -->
